2021-02-35 11:16:57 [main] INFO  ru.vip.demo.DemoApplicationTests - Starting DemoApplicationTests using Java 14.0.1 on DESKTOP-HDTP7DH with PID 14224 (started by Вип in C:\Users\Вип\Проекты\Java\demo)
2021-02-35 11:16:57 [main] DEBUG ru.vip.demo.DemoApplicationTests - Running with Spring Boot v2.4.1, Spring v5.3.2
2021-02-35 11:16:57 [main] INFO  ru.vip.demo.DemoApplicationTests - No active profile set, falling back to default profiles: default
2021-02-35 11:16:59 [main] INFO  o.s.d.r.c.RepositoryConfigurationDelegate - Bootstrapping Spring Data JPA repositories in DEFAULT mode.
2021-02-35 11:16:59 [main] INFO  o.s.d.r.c.RepositoryConfigurationDelegate - Finished Spring Data repository scanning in 38 ms. Found 0 JPA repository interfaces.
2021-02-35 11:17:01 [main] INFO  com.zaxxer.hikari.HikariDataSource - HikariPool-1 - Starting...
2021-02-35 11:17:02 [main] INFO  com.zaxxer.hikari.HikariDataSource - HikariPool-1 - Start completed.
2021-02-35 11:17:02 [main] INFO  o.h.jpa.internal.util.LogHelper - HHH000204: Processing PersistenceUnitInfo [name: default]
2021-02-35 11:17:02 [main] INFO  org.hibernate.Version - HHH000412: Hibernate ORM core version 5.4.25.Final
2021-02-35 11:17:03 [main] INFO  o.h.annotations.common.Version - HCANN000001: Hibernate Commons Annotations {5.1.2.Final}
2021-02-35 11:17:04 [main] INFO  org.hibernate.dialect.Dialect - HHH000400: Using dialect: org.hibernate.dialect.H2Dialect
2021-02-35 11:17:05 [main] INFO  org.hibernate.tuple.PojoInstantiator - HHH000182: No default (no-argument) constructor for class: ru.vip.demo.entity.Person (class must be instantiated by Interceptor)
2021-02-35 11:17:06 [main] INFO  o.h.e.t.j.p.i.JtaPlatformInitiator - HHH000490: Using JtaPlatform implementation: [org.hibernate.engine.transaction.jta.platform.internal.NoJtaPlatform]
2021-02-35 11:17:06 [main] INFO  o.s.o.j.LocalContainerEntityManagerFactoryBean - Initialized JPA EntityManagerFactory for persistence unit 'default'
2021-02-35 11:17:06 [main] INFO  ru.vip.demo.DemoApplicationTests - Started DemoApplicationTests in 11.072 seconds (JVM running for 16.997)
2021-02-35 11:17:07 [main] INFO  r.v.demo.ApplicationContextProvider - ** Start *****
2021-02-35 11:17:07 [main] INFO  r.v.demo.ApplicationContextProvider - 
                        ----------------------------
 Условия: TARGET_NAME=("???") NUMBER_BEAN=( 0) CNT_METHOD=(0) ORIGINAL_STRING=(false)
                        ----------------------------
2021-02-35 11:17:07 [main] INFO  r.v.demo.ApplicationContextProvider - 
 countBeans=[0/91] allBeans=[91]  ** Exit *****
2021-02-35 11:17:07 [main] INFO  r.v.demo.ApplicationContextProvider - ** Start *****
2021-02-35 11:17:07 [main] INFO  r.v.demo.ApplicationContextProvider - 
                        ----------------------------
 Условия: TARGET_NAME=("???") NUMBER_BEAN=( 0) CNT_METHOD=(0) ORIGINAL_STRING=(false)
                        ----------------------------
2021-02-35 11:17:07 [main] INFO  r.v.demo.ApplicationContextProvider - 
 countBeans=[0/91] allBeans=[91]  ** Exit *****
2021-02-35 11:17:07 [main] INFO  r.v.demo.ApplicationContextProvider - ** Start *****
2021-02-35 11:17:07 [main] INFO  r.v.demo.ApplicationContextProvider - 
                        ----------------------------
 Условия: TARGET_NAME=("???") NUMBER_BEAN=( 0) CNT_METHOD=(0) ORIGINAL_STRING=(false)
                        ----------------------------
2021-02-35 11:17:07 [main] INFO  r.v.demo.ApplicationContextProvider - 
 countBeans=[0/91] allBeans=[91]  ** Exit *****
2021-02-35 11:17:07 [SpringContextShutdownHook] INFO  o.s.o.j.LocalContainerEntityManagerFactoryBean - Closing JPA EntityManagerFactory for persistence unit 'default'
2021-02-35 11:17:07 [SpringContextShutdownHook] INFO  o.h.t.s.i.SchemaDropperImpl$DelayedDropActionImpl - HHH000477: Starting delayed evictData of schema as part of SessionFactory shut-down'
2021-02-35 11:17:07 [SpringContextShutdownHook] INFO  com.zaxxer.hikari.HikariDataSource - HikariPool-1 - Shutdown initiated...
2021-02-35 11:17:07 [SpringContextShutdownHook] INFO  com.zaxxer.hikari.HikariDataSource - HikariPool-1 - Shutdown completed.
